<?xml version="1.0" encoding="UTF-8"?>
<testng-results skipped="0" failed="0" ignored="0" total="1" passed="1">
  <reporter-output>
  </reporter-output>
  <suite name="Default suite" duration-ms="2864" started-at="2018-08-04T05:09:25Z" finished-at="2018-08-04T05:09:28Z">
    <groups>
    </groups>
    <test name="Default test" duration-ms="2864" started-at="2018-08-04T05:09:25Z" finished-at="2018-08-04T05:09:28Z">
      <class name="com.test.Start">
        <test-method status="PASS" signature="start()[pri:0, instance:com.test.Start@3ffc5af1]" name="start" duration-ms="2817" started-at="2018-08-04T05:09:25Z" finished-at="2018-08-04T05:09:28Z">
          <reporter-output>
          </reporter-output>
        </test-method> <!-- start -->
      </class> <!-- com.test.Start -->
    </test> <!-- Default test -->
  </suite> <!-- Default suite -->
</testng-results>
